{
  "nbformat": 4,
  "nbformat_minor": 0,
  "metadata": {
    "colab": {
      "name": "Untitled1.ipynb",
      "provenance": [],
      "authorship_tag": "ABX9TyMA3iuLl3PMxH8/E7LbzMDJ",
      "include_colab_link": true
    },
    "kernelspec": {
      "name": "python3",
      "display_name": "Python 3"
    }
  },
  "cells": [
    {
      "cell_type": "markdown",
      "metadata": {
        "id": "view-in-github",
        "colab_type": "text"
      },
      "source": [
        "<a href=\"https://colab.research.google.com/github/A109260063/Computational-Thinking/blob/master/week7\" target=\"_parent\"><img src=\"https://colab.research.google.com/assets/colab-badge.svg\" alt=\"Open In Colab\"/></a>"
      ]
    },
    {
      "cell_type": "markdown",
      "metadata": {
        "id": "Ncq_gQE1dmTP"
      },
      "source": [
        "習題一:服裝訂購系統\n",
        "假設上衣300、褲子350和背心400"
      ]
    },
    {
      "cell_type": "code",
      "metadata": {
        "id": "DNnYmfK7f94b",
        "outputId": "664850c8-2ff5-4431-df3e-d01be75ce2f0",
        "colab": {
          "base_uri": "https://localhost:8080/",
          "height": 563
        }
      },
      "source": [
        "cloth=int(input(\"請輸入衣服數量?\"))\n",
        "trousers=int(input(\"請輸入褲子數量?\"))\n",
        "vest+int(input(\"請輸入背心數量?\"))\n",
        "\n",
        "total=cloth*300+trousers*350+vest*400\n",
        "\n",
        "print(\"訂購服裝的總金額為\",total)"
      ],
      "execution_count": 11,
      "outputs": [
        {
          "output_type": "error",
          "ename": "KeyboardInterrupt",
          "evalue": "ignored",
          "traceback": [
            "\u001b[0;31m---------------------------------------------------------------------------\u001b[0m",
            "\u001b[0;31mKeyboardInterrupt\u001b[0m                         Traceback (most recent call last)",
            "\u001b[0;32m/usr/local/lib/python3.6/dist-packages/ipykernel/kernelbase.py\u001b[0m in \u001b[0;36m_input_request\u001b[0;34m(self, prompt, ident, parent, password)\u001b[0m\n\u001b[1;32m    728\u001b[0m             \u001b[0;32mtry\u001b[0m\u001b[0;34m:\u001b[0m\u001b[0;34m\u001b[0m\u001b[0;34m\u001b[0m\u001b[0m\n\u001b[0;32m--> 729\u001b[0;31m                 \u001b[0mident\u001b[0m\u001b[0;34m,\u001b[0m \u001b[0mreply\u001b[0m \u001b[0;34m=\u001b[0m \u001b[0mself\u001b[0m\u001b[0;34m.\u001b[0m\u001b[0msession\u001b[0m\u001b[0;34m.\u001b[0m\u001b[0mrecv\u001b[0m\u001b[0;34m(\u001b[0m\u001b[0mself\u001b[0m\u001b[0;34m.\u001b[0m\u001b[0mstdin_socket\u001b[0m\u001b[0;34m,\u001b[0m \u001b[0;36m0\u001b[0m\u001b[0;34m)\u001b[0m\u001b[0;34m\u001b[0m\u001b[0;34m\u001b[0m\u001b[0m\n\u001b[0m\u001b[1;32m    730\u001b[0m             \u001b[0;32mexcept\u001b[0m \u001b[0mException\u001b[0m\u001b[0;34m:\u001b[0m\u001b[0;34m\u001b[0m\u001b[0;34m\u001b[0m\u001b[0m\n",
            "\u001b[0;32m/usr/local/lib/python3.6/dist-packages/jupyter_client/session.py\u001b[0m in \u001b[0;36mrecv\u001b[0;34m(self, socket, mode, content, copy)\u001b[0m\n\u001b[1;32m    802\u001b[0m         \u001b[0;32mtry\u001b[0m\u001b[0;34m:\u001b[0m\u001b[0;34m\u001b[0m\u001b[0;34m\u001b[0m\u001b[0m\n\u001b[0;32m--> 803\u001b[0;31m             \u001b[0mmsg_list\u001b[0m \u001b[0;34m=\u001b[0m \u001b[0msocket\u001b[0m\u001b[0;34m.\u001b[0m\u001b[0mrecv_multipart\u001b[0m\u001b[0;34m(\u001b[0m\u001b[0mmode\u001b[0m\u001b[0;34m,\u001b[0m \u001b[0mcopy\u001b[0m\u001b[0;34m=\u001b[0m\u001b[0mcopy\u001b[0m\u001b[0;34m)\u001b[0m\u001b[0;34m\u001b[0m\u001b[0;34m\u001b[0m\u001b[0m\n\u001b[0m\u001b[1;32m    804\u001b[0m         \u001b[0;32mexcept\u001b[0m \u001b[0mzmq\u001b[0m\u001b[0;34m.\u001b[0m\u001b[0mZMQError\u001b[0m \u001b[0;32mas\u001b[0m \u001b[0me\u001b[0m\u001b[0;34m:\u001b[0m\u001b[0;34m\u001b[0m\u001b[0;34m\u001b[0m\u001b[0m\n",
            "\u001b[0;32m/usr/local/lib/python3.6/dist-packages/zmq/sugar/socket.py\u001b[0m in \u001b[0;36mrecv_multipart\u001b[0;34m(self, flags, copy, track)\u001b[0m\n\u001b[1;32m    490\u001b[0m         \"\"\"\n\u001b[0;32m--> 491\u001b[0;31m         \u001b[0mparts\u001b[0m \u001b[0;34m=\u001b[0m \u001b[0;34m[\u001b[0m\u001b[0mself\u001b[0m\u001b[0;34m.\u001b[0m\u001b[0mrecv\u001b[0m\u001b[0;34m(\u001b[0m\u001b[0mflags\u001b[0m\u001b[0;34m,\u001b[0m \u001b[0mcopy\u001b[0m\u001b[0;34m=\u001b[0m\u001b[0mcopy\u001b[0m\u001b[0;34m,\u001b[0m \u001b[0mtrack\u001b[0m\u001b[0;34m=\u001b[0m\u001b[0mtrack\u001b[0m\u001b[0;34m)\u001b[0m\u001b[0;34m]\u001b[0m\u001b[0;34m\u001b[0m\u001b[0;34m\u001b[0m\u001b[0m\n\u001b[0m\u001b[1;32m    492\u001b[0m         \u001b[0;31m# have first part already, only loop while more to receive\u001b[0m\u001b[0;34m\u001b[0m\u001b[0;34m\u001b[0m\u001b[0;34m\u001b[0m\u001b[0m\n",
            "\u001b[0;32mzmq/backend/cython/socket.pyx\u001b[0m in \u001b[0;36mzmq.backend.cython.socket.Socket.recv\u001b[0;34m()\u001b[0m\n",
            "\u001b[0;32mzmq/backend/cython/socket.pyx\u001b[0m in \u001b[0;36mzmq.backend.cython.socket.Socket.recv\u001b[0;34m()\u001b[0m\n",
            "\u001b[0;32mzmq/backend/cython/socket.pyx\u001b[0m in \u001b[0;36mzmq.backend.cython.socket._recv_copy\u001b[0;34m()\u001b[0m\n",
            "\u001b[0;32m/usr/local/lib/python3.6/dist-packages/zmq/backend/cython/checkrc.pxd\u001b[0m in \u001b[0;36mzmq.backend.cython.checkrc._check_rc\u001b[0;34m()\u001b[0m\n",
            "\u001b[0;31mKeyboardInterrupt\u001b[0m: ",
            "\nDuring handling of the above exception, another exception occurred:\n",
            "\u001b[0;31mKeyboardInterrupt\u001b[0m                         Traceback (most recent call last)",
            "\u001b[0;32m<ipython-input-11-6f9d25130b5a>\u001b[0m in \u001b[0;36m<module>\u001b[0;34m()\u001b[0m\n\u001b[0;32m----> 1\u001b[0;31m \u001b[0mcloth\u001b[0m\u001b[0;34m=\u001b[0m\u001b[0mint\u001b[0m\u001b[0;34m(\u001b[0m\u001b[0minput\u001b[0m\u001b[0;34m(\u001b[0m\u001b[0;34m\"請輸入衣服數量?\"\u001b[0m\u001b[0;34m)\u001b[0m\u001b[0;34m)\u001b[0m\u001b[0;34m\u001b[0m\u001b[0;34m\u001b[0m\u001b[0m\n\u001b[0m\u001b[1;32m      2\u001b[0m \u001b[0mtrousers\u001b[0m\u001b[0;34m=\u001b[0m\u001b[0mint\u001b[0m\u001b[0;34m(\u001b[0m\u001b[0minput\u001b[0m\u001b[0;34m(\u001b[0m\u001b[0;34m\"請輸入褲子數量?\"\u001b[0m\u001b[0;34m)\u001b[0m\u001b[0;34m)\u001b[0m\u001b[0;34m\u001b[0m\u001b[0;34m\u001b[0m\u001b[0m\n\u001b[1;32m      3\u001b[0m \u001b[0mvest\u001b[0m\u001b[0;34m+\u001b[0m\u001b[0mint\u001b[0m\u001b[0;34m(\u001b[0m\u001b[0minput\u001b[0m\u001b[0;34m(\u001b[0m\u001b[0;34m\"請輸入背心數量?\"\u001b[0m\u001b[0;34m)\u001b[0m\u001b[0;34m)\u001b[0m\u001b[0;34m\u001b[0m\u001b[0;34m\u001b[0m\u001b[0m\n\u001b[1;32m      4\u001b[0m \u001b[0;34m\u001b[0m\u001b[0m\n\u001b[1;32m      5\u001b[0m \u001b[0mtotal\u001b[0m\u001b[0;34m=\u001b[0m\u001b[0mcloth\u001b[0m\u001b[0;34m*\u001b[0m\u001b[0;36m300\u001b[0m\u001b[0;34m+\u001b[0m\u001b[0mtrousers\u001b[0m\u001b[0;34m*\u001b[0m\u001b[0;36m350\u001b[0m\u001b[0;34m+\u001b[0m\u001b[0mvest\u001b[0m\u001b[0;34m*\u001b[0m\u001b[0;36m400\u001b[0m\u001b[0;34m\u001b[0m\u001b[0;34m\u001b[0m\u001b[0m\n",
            "\u001b[0;32m/usr/local/lib/python3.6/dist-packages/ipykernel/kernelbase.py\u001b[0m in \u001b[0;36mraw_input\u001b[0;34m(self, prompt)\u001b[0m\n\u001b[1;32m    702\u001b[0m             \u001b[0mself\u001b[0m\u001b[0;34m.\u001b[0m\u001b[0m_parent_ident\u001b[0m\u001b[0;34m,\u001b[0m\u001b[0;34m\u001b[0m\u001b[0;34m\u001b[0m\u001b[0m\n\u001b[1;32m    703\u001b[0m             \u001b[0mself\u001b[0m\u001b[0;34m.\u001b[0m\u001b[0m_parent_header\u001b[0m\u001b[0;34m,\u001b[0m\u001b[0;34m\u001b[0m\u001b[0;34m\u001b[0m\u001b[0m\n\u001b[0;32m--> 704\u001b[0;31m             \u001b[0mpassword\u001b[0m\u001b[0;34m=\u001b[0m\u001b[0;32mFalse\u001b[0m\u001b[0;34m,\u001b[0m\u001b[0;34m\u001b[0m\u001b[0;34m\u001b[0m\u001b[0m\n\u001b[0m\u001b[1;32m    705\u001b[0m         )\n\u001b[1;32m    706\u001b[0m \u001b[0;34m\u001b[0m\u001b[0m\n",
            "\u001b[0;32m/usr/local/lib/python3.6/dist-packages/ipykernel/kernelbase.py\u001b[0m in \u001b[0;36m_input_request\u001b[0;34m(self, prompt, ident, parent, password)\u001b[0m\n\u001b[1;32m    732\u001b[0m             \u001b[0;32mexcept\u001b[0m \u001b[0mKeyboardInterrupt\u001b[0m\u001b[0;34m:\u001b[0m\u001b[0;34m\u001b[0m\u001b[0;34m\u001b[0m\u001b[0m\n\u001b[1;32m    733\u001b[0m                 \u001b[0;31m# re-raise KeyboardInterrupt, to truncate traceback\u001b[0m\u001b[0;34m\u001b[0m\u001b[0;34m\u001b[0m\u001b[0;34m\u001b[0m\u001b[0m\n\u001b[0;32m--> 734\u001b[0;31m                 \u001b[0;32mraise\u001b[0m \u001b[0mKeyboardInterrupt\u001b[0m\u001b[0;34m\u001b[0m\u001b[0;34m\u001b[0m\u001b[0m\n\u001b[0m\u001b[1;32m    735\u001b[0m             \u001b[0;32melse\u001b[0m\u001b[0;34m:\u001b[0m\u001b[0;34m\u001b[0m\u001b[0;34m\u001b[0m\u001b[0m\n\u001b[1;32m    736\u001b[0m                 \u001b[0;32mbreak\u001b[0m\u001b[0;34m\u001b[0m\u001b[0;34m\u001b[0m\u001b[0m\n",
            "\u001b[0;31mKeyboardInterrupt\u001b[0m: "
          ]
        }
      ]
    },
    {
      "cell_type": "markdown",
      "metadata": {
        "id": "pEixQTB5hvER"
      },
      "source": [
        "習題二:賣場買飲料\n",
        "假設一罐20，一打賣200"
      ]
    },
    {
      "cell_type": "code",
      "metadata": {
        "id": "mKScYmgxh9qY",
        "outputId": "cc2cb8b0-af12-4679-d5ab-d0abf4708afe",
        "colab": {
          "base_uri": "https://localhost:8080/"
        }
      },
      "source": [
        "cans=int(input('請輸入購買飲料的罐數'))\n",
        "total=(cans//12)*200+(cans%12)*20\n",
        "print('需花費',total)"
      ],
      "execution_count": 9,
      "outputs": [
        {
          "output_type": "stream",
          "text": [
            "請輸入購買飲料的罐數10\n",
            "需花費 200\n"
          ],
          "name": "stdout"
        }
      ]
    },
    {
      "cell_type": "markdown",
      "metadata": {
        "id": "FFV-_axzjdNX"
      },
      "source": [
        "習題三:求三數平均總合與平均"
      ]
    },
    {
      "cell_type": "code",
      "metadata": {
        "id": "zpD-CtgGkM6a",
        "outputId": "61e9760c-cfb9-4510-ca82-c1f73648f9f2",
        "colab": {
          "base_uri": "https://localhost:8080/"
        }
      },
      "source": [
        "fir=int (input('請輸入第一次期中考成績?'))\n",
        "sec=int (input('請輸入第二次期中考成績?'))\n",
        "final=int (input('請輸入期末考成績?'))\n",
        "sum=fir+sec+final\n",
        "avg=sum/3\n",
        "\n",
        "print('總分為',sum,'平均為',avg)\n"
      ],
      "execution_count": 10,
      "outputs": [
        {
          "output_type": "stream",
          "text": [
            "請輸入第一次期中考成績?75\n",
            "請輸入第二次期中考成績?80\n",
            "請輸入期末考成績?65\n",
            "總分為 220 平均為 73.33333333333333\n"
          ],
          "name": "stdout"
        }
      ]
    }
  ]
}